<html xmlns:math="http://exslt.org/math" xmlns:testng="http://testng.org">
   <head>
      <title>TestNG Results</title>
      <meta http-equiv="content-type" content="text/html; charset=utf-8"></meta>
      <meta http-equiv="pragma" content="no-cache"></meta>
      <meta http-equiv="cache-control" content="max-age=0"></meta>
      <meta http-equiv="cache-control" content="no-cache"></meta>
      <meta http-equiv="cache-control" content="no-store"></meta>
      <LINK rel="stylesheet" href="style.css"></LINK>
      <script type="text/javascript" src="main.js"></script>
   </head>
   <body>
      <table width="100%" style="font-size: 16px; margin-bottom: 10px;" cellspacing="1">
         <tr>
            <td width="100%">
               									Test case
               									
               <b>Test</b>
            </td>
            <td style="background-color: #FFBBBB; padding: 3px 3px 3px 0;" align="center">
               <div style="width: 50px;">1</div>
            </td>
            <td style="background-color: lightgreen; padding: 3px 3px 3px 0;" align="center">
               <div style="width: 50px;">0</div>
            </td>
            <td style="background-color: #FFFFBB; padding: 3px 3px 3px 0;" align="center">
               <div style="width: 50px;">0</div>
            </td>
            <td align="center" style="background-color: #eaf0f7; padding: 3px 3px 3px 0;">
               <div style="width: 50px;">1</div>
            </td>
            <td align="center"
                style="font-weight: bold; background-color: #eaf0f7; padding: 3px 3px 3px 0;">
               <div style="width: 50px;">0%</div>
            </td>
            <td style="background-color: #eaf0f7; padding: 3px 3px 3px 0;" align="center"
                nowrap="true">28
               				s
               			
            </td>
         </tr>
      </table>
      <div style="width: 200px;">
         <label for="groupMethodsCheckBox" style="font-weight: bold; margin: 0;">
            <input id="groupMethodsCheckBox" type="checkbox" onclick="switchTestMethodsView(this)"
                   checked=""></input>
            				Group by class
            			
         </label>
         <br></br>
         <label for="methodsFilter_ALL" style="font-weight: bold; margin: 0;">
            <input id="methodsFilter_ALL" type="checkbox"
                   onclick="testMethodsFilterChanged(this, 'ALL')"
                   checked=""></input>
            				All
            			
         </label>
      </div>
      <label for="methodsFilter_FAIL" style="margin-left: 20px;">
         <input id="methodsFilter_FAIL" type="checkbox"
                onclick="testMethodsFilterChanged(this, 'FAIL')"
                checked=""></input>
         			Failed
         		
      </label>
      <label for="methodsFilter_PASS">
         <input id="methodsFilter_PASS" type="checkbox"
                onclick="testMethodsFilterChanged(this, 'PASS')"
                checked=""></input>
         			Passed
         		
      </label>
      <label for="methodsFilter_SKIP">
         <input id="methodsFilter_SKIP" type="checkbox"
                onclick="testMethodsFilterChanged(this, 'SKIP')"
                checked=""></input>
         			Skipped
         		
      </label>
      <label for="methodsFilter_CONF">
         <input id="methodsFilter_CONF" type="checkbox"
                onclick="testMethodsFilterChanged(this, 'CONF')"
                checked=""></input>
         			Config
         		
      </label>
      <br></br>
      <div id="testMethodsByStatus" style="display: none;">
         <table class="testMethodsTable" cellpadding="0" cellspacing="0">
            <tr class="methodsTableHeader">
               <td width="100%">Name</td>
               <td nowrap="true">Started</td>
               <td nowrap="true">Duration</td>
               <td>Exception</td>
            </tr>
            <tr id="com.selenium.test.NewTest_test_byStatus_failed_FAIL1_row"
                class="testMethodStatusFAIL">
               <td width="100%" class="firstMethodCell">
                  <a onclick="toggleDetailsVisibility('com.selenium.test.NewTest_test_byStatus_failed_FAIL1_details')">test()</a>
               </td>
               <td nowrap="true">15:21:32</td>
               <td nowrap="true" align="right">18
                  				s
                  			
               </td>
               <td nowrap="true">
                  <a onclick="toggleDetailsVisibility('com.selenium.test.NewTest_test_byStatus_failed_FAIL1_exception')">org.openqa.selenium.NoSuchElementException: 
                     no such element: Unable to locate element: {"method":"id","selector":"TestCenter"}
                     (Session info: chrome=62.0.3202.94)
                     (Driver info: chromedriver=2.33.506120 (e3e53437346286c0bc2d2dc9aa4915ba81d9023f),platform=Windows NT 6.1.7601 SP1 x86_64)
                     (WARNING: The server did not provide any stacktrace information)
                     Command duration or timeout: 0 milliseconds
                     For documentation on this error, please visit: http://seleniumhq.org/exceptions/no_such_element.html
                     Build info: version: '3.7.1', revision: '8a0099a', time: '2017-11-06T21:07:36.161Z'
                     System info: host: 'CNBJS1BC1281', ip: '10.36.37.216', os.name: 'Windows 7', os.arch: 'amd64', os.version: '6.1', java.version:
                     '1.8.0_152'
                     Driver info: org.openqa.selenium.chrome.ChromeDriver
                     Capabilities {acceptSslCerts: true, applicationCacheEnabled: false, browserConnectionEnabled: false, browserName: chrome,
                     chrome: {chromedriverVersion: 2.33.506120 (e3e53437346286..., userDataDir: C:\Users\YIFANZ~1\AppData\L...}, cssSelectorsEnabled:
                     true, databaseEnabled: false, handlesAlerts: true, hasTouchScreen: false, javascriptEnabled: true, locationContextEnabled:
                     true, mobileEmulationEnabled: false, nativeEvents: true, networkConnectionEnabled: false, pageLoadStrategy: normal, platform:
                     XP, platformName: XP, rotatable: false, setWindowRect: true, takesHeapSnapshot: true, takesScreenshot: true, unexpectedAlertBehaviour:
                     , unhandledPromptBehavior: , version: 62.0.3202.94, webStorageEnabled: true}
                     Session ID: 52d95b6cc2fa1cf118e48097c570dade
                     *** Element info: {Using=id, value=TestCenter}
                     
                  </a>
                  					 
                  				
               </td>
            </tr>
            <tr>
               <td colspan="4" class="detailsBox">
                  <div id="com.selenium.test.NewTest_test_byStatus_failed_FAIL1_details"
                       class="testMethodDetails">
                     <div>
                        <b>Name: </b>test
                     </div>
                     <div>
                        <b>Signature: </b>test()
                     </div>
                     <div>
                        <b>Start time: </b>15:21:32
                     </div>
                     <div>
                        <b>End time: </b>15:21:50
                     </div>
                     <div>
                        <b>Duration: </b>18
                        				s
                        			
                     </div>
                     <br></br>
                     <div>Detail Information</div>
                  </div>
               </td>
            </tr>
            <tr>
               <td colspan="4" class="detailsBox">
                  <div id="com.selenium.test.NewTest_test_byStatus_failed_FAIL1_exception"
                       class="testMethodDetails">
                     <pre style="padding: 5px; margin: 0;">org.openqa.selenium.NoSuchElementException: no such element: Unable to locate element: {"method":"id","selector":"TestCenter"}
                        (Session info: chrome=62.0.3202.94)
                        (Driver info: chromedriver=2.33.506120 (e3e53437346286c0bc2d2dc9aa4915ba81d9023f),platform=Windows NT 6.1.7601 SP1 x86_64)
                        (WARNING: The server did not provide any stacktrace information)
                        Command duration or timeout: 0 milliseconds
                        For documentation on this error, please visit: http://seleniumhq.org/exceptions/no_such_element.html
                        Build info: version: '3.7.1', revision: '8a0099a', time: '2017-11-06T21:07:36.161Z'
                        System info: host: 'CNBJS1BC1281', ip: '10.36.37.216', os.name: 'Windows 7', os.arch: 'amd64', os.version: '6.1', java.version:
                        '1.8.0_152'
                        Driver info: org.openqa.selenium.chrome.ChromeDriver
                        Capabilities {acceptSslCerts: true, applicationCacheEnabled: false, browserConnectionEnabled: false, browserName: chrome,
                        chrome: {chromedriverVersion: 2.33.506120 (e3e53437346286..., userDataDir: C:\Users\YIFANZ~1\AppData\L...}, cssSelectorsEnabled:
                        true, databaseEnabled: false, handlesAlerts: true, hasTouchScreen: false, javascriptEnabled: true, locationContextEnabled:
                        true, mobileEmulationEnabled: false, nativeEvents: true, networkConnectionEnabled: false, pageLoadStrategy: normal, platform:
                        XP, platformName: XP, rotatable: false, setWindowRect: true, takesHeapSnapshot: true, takesScreenshot: true, unexpectedAlertBehaviour:
                        , unhandledPromptBehavior: , version: 62.0.3202.94, webStorageEnabled: true}
                        Session ID: 52d95b6cc2fa1cf118e48097c570dade
                        *** Element info: {Using=id, value=TestCenter}
                        	at sun.reflect.NativeConstructorAccessorImpl.newInstance0(Native Method)
                        	at sun.reflect.NativeConstructorAccessorImpl.newInstance(Unknown Source)
                        	at sun.reflect.DelegatingConstructorAccessorImpl.newInstance(Unknown Source)
                        	at java.lang.reflect.Constructor.newInstance(Unknown Source)
                        	at org.openqa.selenium.remote.ErrorHandler.createThrowable(ErrorHandler.java:214)
                        	at org.openqa.selenium.remote.ErrorHandler.throwIfResponseFailed(ErrorHandler.java:166)
                        	at org.openqa.selenium.remote.http.JsonHttpResponseCodec.reconstructValue(JsonHttpResponseCodec.java:40)
                        	at org.openqa.selenium.remote.http.AbstractHttpResponseCodec.decode(AbstractHttpResponseCodec.java:80)
                        	at org.openqa.selenium.remote.http.AbstractHttpResponseCodec.decode(AbstractHttpResponseCodec.java:44)
                        	at org.openqa.selenium.remote.HttpCommandExecutor.execute(HttpCommandExecutor.java:164)
                        	at org.openqa.selenium.remote.service.DriverCommandExecutor.execute(DriverCommandExecutor.java:83)
                        	at org.openqa.selenium.remote.RemoteWebDriver.execute(RemoteWebDriver.java:600)
                        	at org.openqa.selenium.remote.RemoteWebDriver.findElement(RemoteWebDriver.java:370)
                        	at org.openqa.selenium.remote.RemoteWebDriver.findElementById(RemoteWebDriver.java:416)
                        	at org.openqa.selenium.By$ById.findElement(By.java:218)
                        	at org.openqa.selenium.remote.RemoteWebDriver.findElement(RemoteWebDriver.java:362)
                        	at com.selenium.test.listener.WebDriverAction.click(WebDriverAction.java:44)
                        	at com.selenium.test.NewTest.test(NewTest.java:46)
                        	at sun.reflect.NativeMethodAccessorImpl.invoke0(Native Method)
                        	at sun.reflect.NativeMethodAccessorImpl.invoke(Unknown Source)
                        	at sun.reflect.DelegatingMethodAccessorImpl.invoke(Unknown Source)
                        	at java.lang.reflect.Method.invoke(Unknown Source)
                        	at org.testng.internal.MethodInvocationHelper.invokeMethod(MethodInvocationHelper.java:74)
                        	at org.testng.internal.Invoker.invokeMethod(Invoker.java:673)
                        	at org.testng.internal.Invoker.invokeTestMethod(Invoker.java:846)
                        	at org.testng.internal.Invoker.invokeTestMethods(Invoker.java:1170)
                        	at org.testng.internal.TestMethodWorker.invokeTestMethods(TestMethodWorker.java:125)
                        	at org.testng.internal.TestMethodWorker.run(TestMethodWorker.java:109)
                        	at org.testng.TestRunner.runWorkers(TestRunner.java:1147)
                        	at org.testng.TestRunner.privateRun(TestRunner.java:749)
                        	at org.testng.TestRunner.run(TestRunner.java:600)
                        	at org.testng.SuiteRunner.runTest(SuiteRunner.java:317)
                        	at org.testng.SuiteRunner.runSequentially(SuiteRunner.java:312)
                        	at org.testng.SuiteRunner.privateRun(SuiteRunner.java:274)
                        	at org.testng.SuiteRunner.run(SuiteRunner.java:223)
                        	at org.testng.SuiteRunnerWorker.runSuite(SuiteRunnerWorker.java:52)
                        	at org.testng.SuiteRunnerWorker.run(SuiteRunnerWorker.java:86)
                        	at org.testng.TestNG.runSuitesSequentially(TestNG.java:1039)
                        	at org.testng.TestNG.runSuitesLocally(TestNG.java:964)
                        	at org.testng.TestNG.run(TestNG.java:900)
                        	at org.testng.TestNG.privateMain(TestNG.java:1182)
                        	at org.testng.TestNG.main(TestNG.java:1146)
                     </pre>
                  </div>
               </td>
            </tr>
            <tr id="com.selenium.test.NewTest_setup_byStatus_passed_PASS1_row"
                class="testMethodStatusPASS testMethodStatusCONF">
               <td width="100%" class="firstMethodCell">
                  <a onclick="toggleDetailsVisibility('com.selenium.test.NewTest_setup_byStatus_passed_PASS1_details')">setup()</a>
               </td>
               <td nowrap="true">15:21:23</td>
               <td nowrap="true" align="right">8
                  				s
                  			
               </td>
               <td nowrap="true">
                  					 
                  				
               </td>
            </tr>
            <tr>
               <td colspan="4" class="detailsBox">
                  <div id="com.selenium.test.NewTest_setup_byStatus_passed_PASS1_details"
                       class="testMethodDetails">
                     <div>
                        <b>Name: </b>setup
                     </div>
                     <div>
                        <b>Signature: </b>setup()
                     </div>
                     <div>
                        <b>Start time: </b>15:21:23
                     </div>
                     <div>
                        <b>End time: </b>15:21:32
                     </div>
                     <div>
                        <b>Duration: </b>8
                        				s
                        			
                     </div>
                     <br></br>
                     <div>Detail Information</div>
                  </div>
               </td>
            </tr>
            <tr></tr>
            <tr id="com.selenium.test.NewTest_teardown_byStatus_passed_PASS2_row"
                class="testMethodStatusPASS testMethodStatusCONF">
               <td width="100%" class="firstMethodCell">
                  <a onclick="toggleDetailsVisibility('com.selenium.test.NewTest_teardown_byStatus_passed_PASS2_details')">teardown([TestResult: test STATUS:FAILURE METHOD:com.selenium.test.NewTest.test()])</a>
               </td>
               <td nowrap="true">15:21:51</td>
               <td nowrap="true" align="right">596
                  			 ms
                  		
               </td>
               <td nowrap="true">
                  					 
                  				
               </td>
            </tr>
            <tr>
               <td colspan="4" class="detailsBox">
                  <div id="com.selenium.test.NewTest_teardown_byStatus_passed_PASS2_details"
                       class="testMethodDetails">
                     <div>
                        <b>Name: </b>teardown
                     </div>
                     <div>
                        <b>Signature: </b>teardown(org.testng.ITestResult)
                     </div>
                     <div>
                        <b>Parameters: </b>
                        
                        [TestResult: test STATUS:FAILURE METHOD:com.selenium.test.NewTest.test()]
                        
                        
                        
                     </div>
                     <div>
                        <b>Start time: </b>15:21:51
                     </div>
                     <div>
                        <b>End time: </b>15:21:52
                     </div>
                     <div>
                        <b>Duration: </b>596
                        			 ms
                        		
                     </div>
                     <br></br>
                     <div>Detail Information</div>
                  </div>
               </td>
            </tr>
            <tr></tr>
         </table>
      </div>
      <div id="testMethodsByClass">
         <table class="testMethodsTable" cellpadding="0" cellspacing="0">
            <tr>
               <td colspan="4">
                  <h3 style="display: inline;">com.selenium.test.NewTest</h3>
               </td>
            </tr>
            <tr class="methodsTableHeader">
               <td width="100%">Name</td>
               <td nowrap="true">Started</td>
               <td nowrap="true">Duration</td>
               <td>Exception</td>
            </tr>
            <tr id="com.selenium.test.NewTest_setup_byClass_PASS1_row"
                class="testMethodStatusPASS testMethodStatusCONF">
               <td width="100%" class="firstMethodCell">
                  <a onclick="toggleDetailsVisibility('com.selenium.test.NewTest_setup_byClass_PASS1_details')">setup()</a>
               </td>
               <td nowrap="true">15:21:23</td>
               <td nowrap="true" align="right">8
                  				s
                  			
               </td>
               <td nowrap="true">
                  					 
                  				
               </td>
            </tr>
            <tr>
               <td colspan="4" class="detailsBox">
                  <div id="com.selenium.test.NewTest_setup_byClass_PASS1_details"
                       class="testMethodDetails">
                     <div>
                        <b>Name: </b>setup
                     </div>
                     <div>
                        <b>Signature: </b>setup()
                     </div>
                     <div>
                        <b>Start time: </b>15:21:23
                     </div>
                     <div>
                        <b>End time: </b>15:21:32
                     </div>
                     <div>
                        <b>Duration: </b>8
                        				s
                        			
                     </div>
                     <br></br>
                     <div>Detail Information</div>
                  </div>
               </td>
            </tr>
            <tr></tr>
            <tr id="com.selenium.test.NewTest_test_byClass_FAIL2_row"
                class="testMethodStatusFAIL">
               <td width="100%" class="firstMethodCell">
                  <a onclick="toggleDetailsVisibility('com.selenium.test.NewTest_test_byClass_FAIL2_details')">test()</a>
               </td>
               <td nowrap="true">15:21:32</td>
               <td nowrap="true" align="right">18
                  				s
                  			
               </td>
               <td nowrap="true">
                  <a onclick="toggleDetailsVisibility('com.selenium.test.NewTest_test_byClass_FAIL2_exception')">org.openqa.selenium.NoSuchElementException: 
                     no such element: Unable to locate element: {"method":"id","selector":"TestCenter"}
                     (Session info: chrome=62.0.3202.94)
                     (Driver info: chromedriver=2.33.506120 (e3e53437346286c0bc2d2dc9aa4915ba81d9023f),platform=Windows NT 6.1.7601 SP1 x86_64)
                     (WARNING: The server did not provide any stacktrace information)
                     Command duration or timeout: 0 milliseconds
                     For documentation on this error, please visit: http://seleniumhq.org/exceptions/no_such_element.html
                     Build info: version: '3.7.1', revision: '8a0099a', time: '2017-11-06T21:07:36.161Z'
                     System info: host: 'CNBJS1BC1281', ip: '10.36.37.216', os.name: 'Windows 7', os.arch: 'amd64', os.version: '6.1', java.version:
                     '1.8.0_152'
                     Driver info: org.openqa.selenium.chrome.ChromeDriver
                     Capabilities {acceptSslCerts: true, applicationCacheEnabled: false, browserConnectionEnabled: false, browserName: chrome,
                     chrome: {chromedriverVersion: 2.33.506120 (e3e53437346286..., userDataDir: C:\Users\YIFANZ~1\AppData\L...}, cssSelectorsEnabled:
                     true, databaseEnabled: false, handlesAlerts: true, hasTouchScreen: false, javascriptEnabled: true, locationContextEnabled:
                     true, mobileEmulationEnabled: false, nativeEvents: true, networkConnectionEnabled: false, pageLoadStrategy: normal, platform:
                     XP, platformName: XP, rotatable: false, setWindowRect: true, takesHeapSnapshot: true, takesScreenshot: true, unexpectedAlertBehaviour:
                     , unhandledPromptBehavior: , version: 62.0.3202.94, webStorageEnabled: true}
                     Session ID: 52d95b6cc2fa1cf118e48097c570dade
                     *** Element info: {Using=id, value=TestCenter}
                     
                  </a>
                  					 
                  				
               </td>
            </tr>
            <tr>
               <td colspan="4" class="detailsBox">
                  <div id="com.selenium.test.NewTest_test_byClass_FAIL2_details"
                       class="testMethodDetails">
                     <div>
                        <b>Name: </b>test
                     </div>
                     <div>
                        <b>Signature: </b>test()
                     </div>
                     <div>
                        <b>Start time: </b>15:21:32
                     </div>
                     <div>
                        <b>End time: </b>15:21:50
                     </div>
                     <div>
                        <b>Duration: </b>18
                        				s
                        			
                     </div>
                     <br></br>
                     <div>Detail Information</div>
                  </div>
               </td>
            </tr>
            <tr>
               <td colspan="4" class="detailsBox">
                  <div id="com.selenium.test.NewTest_test_byClass_FAIL2_exception"
                       class="testMethodDetails">
                     <pre style="padding: 5px; margin: 0;">org.openqa.selenium.NoSuchElementException: no such element: Unable to locate element: {"method":"id","selector":"TestCenter"}
                        (Session info: chrome=62.0.3202.94)
                        (Driver info: chromedriver=2.33.506120 (e3e53437346286c0bc2d2dc9aa4915ba81d9023f),platform=Windows NT 6.1.7601 SP1 x86_64)
                        (WARNING: The server did not provide any stacktrace information)
                        Command duration or timeout: 0 milliseconds
                        For documentation on this error, please visit: http://seleniumhq.org/exceptions/no_such_element.html
                        Build info: version: '3.7.1', revision: '8a0099a', time: '2017-11-06T21:07:36.161Z'
                        System info: host: 'CNBJS1BC1281', ip: '10.36.37.216', os.name: 'Windows 7', os.arch: 'amd64', os.version: '6.1', java.version:
                        '1.8.0_152'
                        Driver info: org.openqa.selenium.chrome.ChromeDriver
                        Capabilities {acceptSslCerts: true, applicationCacheEnabled: false, browserConnectionEnabled: false, browserName: chrome,
                        chrome: {chromedriverVersion: 2.33.506120 (e3e53437346286..., userDataDir: C:\Users\YIFANZ~1\AppData\L...}, cssSelectorsEnabled:
                        true, databaseEnabled: false, handlesAlerts: true, hasTouchScreen: false, javascriptEnabled: true, locationContextEnabled:
                        true, mobileEmulationEnabled: false, nativeEvents: true, networkConnectionEnabled: false, pageLoadStrategy: normal, platform:
                        XP, platformName: XP, rotatable: false, setWindowRect: true, takesHeapSnapshot: true, takesScreenshot: true, unexpectedAlertBehaviour:
                        , unhandledPromptBehavior: , version: 62.0.3202.94, webStorageEnabled: true}
                        Session ID: 52d95b6cc2fa1cf118e48097c570dade
                        *** Element info: {Using=id, value=TestCenter}
                        	at sun.reflect.NativeConstructorAccessorImpl.newInstance0(Native Method)
                        	at sun.reflect.NativeConstructorAccessorImpl.newInstance(Unknown Source)
                        	at sun.reflect.DelegatingConstructorAccessorImpl.newInstance(Unknown Source)
                        	at java.lang.reflect.Constructor.newInstance(Unknown Source)
                        	at org.openqa.selenium.remote.ErrorHandler.createThrowable(ErrorHandler.java:214)
                        	at org.openqa.selenium.remote.ErrorHandler.throwIfResponseFailed(ErrorHandler.java:166)
                        	at org.openqa.selenium.remote.http.JsonHttpResponseCodec.reconstructValue(JsonHttpResponseCodec.java:40)
                        	at org.openqa.selenium.remote.http.AbstractHttpResponseCodec.decode(AbstractHttpResponseCodec.java:80)
                        	at org.openqa.selenium.remote.http.AbstractHttpResponseCodec.decode(AbstractHttpResponseCodec.java:44)
                        	at org.openqa.selenium.remote.HttpCommandExecutor.execute(HttpCommandExecutor.java:164)
                        	at org.openqa.selenium.remote.service.DriverCommandExecutor.execute(DriverCommandExecutor.java:83)
                        	at org.openqa.selenium.remote.RemoteWebDriver.execute(RemoteWebDriver.java:600)
                        	at org.openqa.selenium.remote.RemoteWebDriver.findElement(RemoteWebDriver.java:370)
                        	at org.openqa.selenium.remote.RemoteWebDriver.findElementById(RemoteWebDriver.java:416)
                        	at org.openqa.selenium.By$ById.findElement(By.java:218)
                        	at org.openqa.selenium.remote.RemoteWebDriver.findElement(RemoteWebDriver.java:362)
                        	at com.selenium.test.listener.WebDriverAction.click(WebDriverAction.java:44)
                        	at com.selenium.test.NewTest.test(NewTest.java:46)
                        	at sun.reflect.NativeMethodAccessorImpl.invoke0(Native Method)
                        	at sun.reflect.NativeMethodAccessorImpl.invoke(Unknown Source)
                        	at sun.reflect.DelegatingMethodAccessorImpl.invoke(Unknown Source)
                        	at java.lang.reflect.Method.invoke(Unknown Source)
                        	at org.testng.internal.MethodInvocationHelper.invokeMethod(MethodInvocationHelper.java:74)
                        	at org.testng.internal.Invoker.invokeMethod(Invoker.java:673)
                        	at org.testng.internal.Invoker.invokeTestMethod(Invoker.java:846)
                        	at org.testng.internal.Invoker.invokeTestMethods(Invoker.java:1170)
                        	at org.testng.internal.TestMethodWorker.invokeTestMethods(TestMethodWorker.java:125)
                        	at org.testng.internal.TestMethodWorker.run(TestMethodWorker.java:109)
                        	at org.testng.TestRunner.runWorkers(TestRunner.java:1147)
                        	at org.testng.TestRunner.privateRun(TestRunner.java:749)
                        	at org.testng.TestRunner.run(TestRunner.java:600)
                        	at org.testng.SuiteRunner.runTest(SuiteRunner.java:317)
                        	at org.testng.SuiteRunner.runSequentially(SuiteRunner.java:312)
                        	at org.testng.SuiteRunner.privateRun(SuiteRunner.java:274)
                        	at org.testng.SuiteRunner.run(SuiteRunner.java:223)
                        	at org.testng.SuiteRunnerWorker.runSuite(SuiteRunnerWorker.java:52)
                        	at org.testng.SuiteRunnerWorker.run(SuiteRunnerWorker.java:86)
                        	at org.testng.TestNG.runSuitesSequentially(TestNG.java:1039)
                        	at org.testng.TestNG.runSuitesLocally(TestNG.java:964)
                        	at org.testng.TestNG.run(TestNG.java:900)
                        	at org.testng.TestNG.privateMain(TestNG.java:1182)
                        	at org.testng.TestNG.main(TestNG.java:1146)
                     </pre>
                  </div>
               </td>
            </tr>
            <tr id="com.selenium.test.NewTest_teardown_byClass_PASS3_row"
                class="testMethodStatusPASS testMethodStatusCONF">
               <td width="100%" class="firstMethodCell">
                  <a onclick="toggleDetailsVisibility('com.selenium.test.NewTest_teardown_byClass_PASS3_details')">teardown([TestResult: test STATUS:FAILURE METHOD:com.selenium.test.NewTest.test()])</a>
               </td>
               <td nowrap="true">15:21:51</td>
               <td nowrap="true" align="right">596
                  			 ms
                  		
               </td>
               <td nowrap="true">
                  					 
                  				
               </td>
            </tr>
            <tr>
               <td colspan="4" class="detailsBox">
                  <div id="com.selenium.test.NewTest_teardown_byClass_PASS3_details"
                       class="testMethodDetails">
                     <div>
                        <b>Name: </b>teardown
                     </div>
                     <div>
                        <b>Signature: </b>teardown(org.testng.ITestResult)
                     </div>
                     <div>
                        <b>Parameters: </b>
                        
                        [TestResult: test STATUS:FAILURE METHOD:com.selenium.test.NewTest.test()]
                        
                        
                        
                     </div>
                     <div>
                        <b>Start time: </b>15:21:51
                     </div>
                     <div>
                        <b>End time: </b>15:21:52
                     </div>
                     <div>
                        <b>Duration: </b>596
                        			 ms
                        		
                     </div>
                     <br></br>
                     <div>Detail Information</div>
                  </div>
               </td>
            </tr>
            <tr></tr>
         </table>
         <br></br>
      </div>
      <div style="margin-top: 15px; color: gray; text-align: center; font-size: 9px;">
         			Generated with
         			
         <a href="http://code.google.com/p/testng-xslt/" style="color: #8888aa;"
            target="_blank">
            				TestNG XSLT
            			
         </a>
      </div>
   </body>
</html>