<?xml version="1.0" encoding="UTF-8"?>
<testng-results skipped="0" failed="0" total="1" passed="1">
  <reporter-output>
  </reporter-output>
  <suite name="Suite" duration-ms="41833" started-at="2018-01-05T11:04:16Z" finished-at="2018-01-05T11:04:58Z">
    <groups>
    </groups>
    <test name="Test" duration-ms="41833" started-at="2018-01-05T11:04:16Z" finished-at="2018-01-05T11:04:58Z">
      <class name="com.selenium.test.NewTest">
        <test-method status="PASS" signature="setup()" name="setup" is-config="true" duration-ms="6158" started-at="2018-01-05T11:04:16Z" finished-at="2018-01-05T11:04:22Z">
        </test-method>
        <test-method status="PASS" signature="test()" name="test" duration-ms="35079" started-at="2018-01-05T11:04:22Z" finished-at="2018-01-05T11:04:58Z">
        </test-method>
        <test-method status="PASS" signature="teardown(org.testng.ITestResult)" name="teardown" is-config="true" duration-ms="591" started-at="2018-01-05T11:04:58Z" finished-at="2018-01-05T11:04:58Z">
          <params>
            <param index="0">
              <value>
                <![CDATA[[TestResult: test STATUS:SUCCESS METHOD:com.selenium.test.NewTest.test()]
]]>
              </value>
            </param>
          </params>
        </test-method>
      </class>
    </test>
  </suite>
</testng-results>
